#! /usr/share/iverilog-0.9.7/bin/vvp
:ivl_version "0.9.7 " "(v0_9_6)";
:vpi_time_precision + 0;
:vpi_module "system";
:vpi_module "v2005_math";
:vpi_module "va_math";
S_0x1319f90 .scope module, "maxindex" "maxindex" 2 43;
 .timescale 0 0;
L_0x13840e0 .functor BUFZ 5, v0x1372c70_0, C4<00000>, C4<00000>, C4<00000>;
v0x137dbb0_0 .net "_1", 7 0, v0x137dae0_0; 1 drivers
v0x137dc80_0 .net "_10", 4 0, v0x137be90_0; 1 drivers
v0x137dd50_0 .net "_11", 7 0, v0x137b9c0_0; 1 drivers
v0x137de20_0 .net "_12", 4 0, v0x137b7f0_0; 1 drivers
v0x137def0_0 .net "_13", 7 0, v0x137b320_0; 1 drivers
v0x137dfc0_0 .net "_14", 4 0, v0x137b150_0; 1 drivers
v0x137e090_0 .net "_15", 7 0, v0x137ac80_0; 1 drivers
v0x137e160_0 .net "_16", 4 0, v0x137aab0_0; 1 drivers
v0x137e280_0 .net "_17", 7 0, v0x137a5e0_0; 1 drivers
v0x137e350_0 .net "_18", 4 0, v0x137a410_0; 1 drivers
v0x137e430_0 .net "_19", 7 0, v0x1379f40_0; 1 drivers
v0x137e500_0 .net "_2", 4 0, v0x137d910_0; 1 drivers
v0x137e640_0 .net "_20", 4 0, v0x1379d70_0; 1 drivers
v0x137e710_0 .net "_21", 7 0, v0x13798a0_0; 1 drivers
v0x137e860_0 .net "_22", 4 0, v0x13796d0_0; 1 drivers
v0x137e930_0 .net "_23", 7 0, v0x1379200_0; 1 drivers
v0x137e790_0 .net "_24", 4 0, v0x1379030_0; 1 drivers
v0x137eae0_0 .net "_25", 7 0, v0x1378b60_0; 1 drivers
v0x137ec00_0 .net "_26", 4 0, v0x1378990_0; 1 drivers
v0x137ecd0_0 .net "_27", 7 0, v0x13784c0_0; 1 drivers
v0x137ee00_0 .net "_28", 4 0, v0x13782f0_0; 1 drivers
v0x137ee80_0 .net "_29", 7 0, v0x1377e20_0; 1 drivers
v0x137efc0_0 .net "_3", 7 0, v0x137d440_0; 1 drivers
v0x137f040_0 .net "_30", 4 0, v0x1377c50_0; 1 drivers
v0x137f190_0 .net "_31", 7 0, v0x1377780_0; 1 drivers
v0x137f210_0 .net "_32", 4 0, v0x13775b0_0; 1 drivers
v0x137f110_0 .net "_33", 7 0, v0x13770e0_0; 1 drivers
v0x137f3c0_0 .net "_34", 4 0, v0x1376f10_0; 1 drivers
v0x137f2e0_0 .net "_35", 7 0, v0x1376a40_0; 1 drivers
v0x137f580_0 .net "_36", 4 0, v0x1376870_0; 1 drivers
v0x137f490_0 .net "_37", 7 0, v0x13763a0_0; 1 drivers
v0x137f750_0 .net "_38", 4 0, v0x13761d0_0; 1 drivers
v0x137f650_0 .net "_39", 7 0, v0x1375d00_0; 1 drivers
v0x137f930_0 .net "_4", 4 0, v0x137d270_0; 1 drivers
v0x137f820_0 .net "_40", 4 0, v0x1375b30_0; 1 drivers
v0x137fb20_0 .net "_41", 7 0, v0x1375660_0; 1 drivers
v0x137fa00_0 .net "_42", 4 0, v0x1375490_0; 1 drivers
v0x137fcd0_0 .net "_43", 7 0, v0x1374fc0_0; 1 drivers
v0x137fbf0_0 .net "_44", 4 0, v0x1374df0_0; 1 drivers
v0x137fe90_0 .net "_45", 7 0, v0x1374920_0; 1 drivers
v0x137fda0_0 .net "_46", 4 0, v0x1374750_0; 1 drivers
v0x1380060_0 .net "_47", 7 0, v0x1374280_0; 1 drivers
v0x137ff60_0 .net "_48", 4 0, v0x13740b0_0; 1 drivers
v0x1380240_0 .net "_49", 7 0, v0x1373be0_0; 1 drivers
v0x1380130_0 .net "_5", 7 0, v0x137cda0_0; 1 drivers
v0x1380430_0 .net "_50", 4 0, v0x1373a10_0; 1 drivers
v0x1380310_0 .net "_51", 7 0, v0x1373540_0; 1 drivers
v0x1380630_0 .net "_52", 4 0, v0x1373370_0; 1 drivers
v0x13804b0_0 .net "_53", 7 0, v0x1372e90_0; 1 drivers
v0x1380530_0 .net "_54", 4 0, v0x1372c70_0; 1 drivers
v0x13805b0_0 .net "_6", 4 0, v0x137cbd0_0; 1 drivers
v0x13808a0_0 .net "_7", 7 0, v0x137c700_0; 1 drivers
v0x1380700_0 .net "_8", 4 0, v0x137c530_0; 1 drivers
v0x13807d0_0 .net "_9", 7 0, v0x137c060_0; 1 drivers
v0x1380b30_0 .net "a", 7 0, C4<zzzzzzzz>; 0 drivers
v0x1380bb0_0 .net "b", 7 0, C4<zzzzzzzz>; 0 drivers
v0x1380920_0 .net "c", 7 0, C4<zzzzzzzz>; 0 drivers
v0x13809a0_0 .net "d", 7 0, C4<zzzzzzzz>; 0 drivers
v0x1380a20_0 .net "e", 7 0, C4<zzzzzzzz>; 0 drivers
v0x1380e10_0 .net "f", 7 0, C4<zzzzzzzz>; 0 drivers
v0x1380c30_0 .net "g", 7 0, C4<zzzzzzzz>; 0 drivers
v0x1380cb0_0 .net "h", 7 0, C4<zzzzzzzz>; 0 drivers
v0x1380d30_0 .net "i", 7 0, C4<zzzzzzzz>; 0 drivers
v0x1381090_0 .net "j", 7 0, C4<zzzzzzzz>; 0 drivers
v0x1380e90_0 .net "k", 7 0, C4<zzzzzzzz>; 0 drivers
v0x1380f10_0 .net "l", 7 0, C4<zzzzzzzz>; 0 drivers
v0x1380f90_0 .net "m", 7 0, C4<zzzzzzzz>; 0 drivers
v0x1381010_0 .net "n", 7 0, C4<zzzzzzzz>; 0 drivers
v0x1381340_0 .net "o", 7 0, C4<zzzzzzzz>; 0 drivers
v0x13813c0_0 .net "out", 4 0, L_0x13840e0; 1 drivers
v0x1381110_0 .net "p", 7 0, C4<zzzzzzzz>; 0 drivers
v0x1381190_0 .net "q", 7 0, C4<zzzzzzzz>; 0 drivers
v0x1381210_0 .net "r", 7 0, C4<zzzzzzzz>; 0 drivers
v0x1381290_0 .net "s", 7 0, C4<zzzzzzzz>; 0 drivers
v0x13816a0_0 .net "t", 7 0, C4<zzzzzzzz>; 0 drivers
v0x1381720_0 .net "u", 7 0, C4<zzzzzzzz>; 0 drivers
v0x1381440_0 .net "v", 7 0, C4<zzzzzzzz>; 0 drivers
v0x13814c0_0 .net "w", 7 0, C4<zzzzzzzz>; 0 drivers
v0x1381540_0 .net "x", 7 0, C4<zzzzzzzz>; 0 drivers
v0x13815c0_0 .net "y", 7 0, C4<zzzzzzzz>; 0 drivers
v0x1381a30_0 .net "z", 7 0, C4<zzzzzzzz>; 0 drivers
S_0x137d510 .scope module, "AB" "mam" 2 137, 2 11, S_0x1319f90;
 .timescale 0 0;
v0x137d660_0 .net "in1_label", 4 0, C4<00000>; 1 drivers
v0x137d720_0 .alias "in1_value", 7 0, v0x1380b30_0;
v0x137d7c0_0 .net "in2_label", 4 0, C4<00001>; 1 drivers
v0x137d860_0 .alias "in2_value", 7 0, v0x1380bb0_0;
v0x137d910_0 .var "l", 4 0;
v0x137d9b0_0 .alias "out_label", 4 0, v0x137e500_0;
v0x137da30_0 .alias "out_value", 7 0, v0x137dbb0_0;
v0x137dae0_0 .var "v", 7 0;
E_0x137d600 .event edge, v0x137d7c0_0, v0x137d660_0, v0x137d860_0, v0x137d720_0;
S_0x137ce70 .scope module, "CD" "mam" 2 138, 2 11, S_0x1319f90;
 .timescale 0 0;
v0x137cfc0_0 .net "in1_label", 4 0, C4<00010>; 1 drivers
v0x137d080_0 .alias "in1_value", 7 0, v0x1380920_0;
v0x137d120_0 .net "in2_label", 4 0, C4<00011>; 1 drivers
v0x137d1c0_0 .alias "in2_value", 7 0, v0x13809a0_0;
v0x137d270_0 .var "l", 4 0;
v0x137d310_0 .alias "out_label", 4 0, v0x137f930_0;
v0x137d390_0 .alias "out_value", 7 0, v0x137efc0_0;
v0x137d440_0 .var "v", 7 0;
E_0x137cf60 .event edge, v0x137d120_0, v0x137cfc0_0, v0x137d1c0_0, v0x137d080_0;
S_0x137c7d0 .scope module, "EF" "mam" 2 139, 2 11, S_0x1319f90;
 .timescale 0 0;
v0x137c920_0 .net "in1_label", 4 0, C4<00100>; 1 drivers
v0x137c9e0_0 .alias "in1_value", 7 0, v0x1380a20_0;
v0x137ca80_0 .net "in2_label", 4 0, C4<00101>; 1 drivers
v0x137cb20_0 .alias "in2_value", 7 0, v0x1380e10_0;
v0x137cbd0_0 .var "l", 4 0;
v0x137cc70_0 .alias "out_label", 4 0, v0x13805b0_0;
v0x137ccf0_0 .alias "out_value", 7 0, v0x1380130_0;
v0x137cda0_0 .var "v", 7 0;
E_0x137c8c0 .event edge, v0x137ca80_0, v0x137c920_0, v0x137cb20_0, v0x137c9e0_0;
S_0x137c130 .scope module, "GH" "mam" 2 140, 2 11, S_0x1319f90;
 .timescale 0 0;
v0x137c280_0 .net "in1_label", 4 0, C4<00110>; 1 drivers
v0x137c340_0 .alias "in1_value", 7 0, v0x1380c30_0;
v0x137c3e0_0 .net "in2_label", 4 0, C4<00111>; 1 drivers
v0x137c480_0 .alias "in2_value", 7 0, v0x1380cb0_0;
v0x137c530_0 .var "l", 4 0;
v0x137c5d0_0 .alias "out_label", 4 0, v0x1380700_0;
v0x137c650_0 .alias "out_value", 7 0, v0x13808a0_0;
v0x137c700_0 .var "v", 7 0;
E_0x137c220 .event edge, v0x137c3e0_0, v0x137c280_0, v0x137c480_0, v0x137c340_0;
S_0x137ba90 .scope module, "IJ" "mam" 2 141, 2 11, S_0x1319f90;
 .timescale 0 0;
v0x137bbe0_0 .net "in1_label", 4 0, C4<01000>; 1 drivers
v0x137bca0_0 .alias "in1_value", 7 0, v0x1380d30_0;
v0x137bd40_0 .net "in2_label", 4 0, C4<01001>; 1 drivers
v0x137bde0_0 .alias "in2_value", 7 0, v0x1381090_0;
v0x137be90_0 .var "l", 4 0;
v0x137bf30_0 .alias "out_label", 4 0, v0x137dc80_0;
v0x137bfb0_0 .alias "out_value", 7 0, v0x13807d0_0;
v0x137c060_0 .var "v", 7 0;
E_0x137bb80 .event edge, v0x137bd40_0, v0x137bbe0_0, v0x137bde0_0, v0x137bca0_0;
S_0x137b3f0 .scope module, "KL" "mam" 2 142, 2 11, S_0x1319f90;
 .timescale 0 0;
v0x137b540_0 .net "in1_label", 4 0, C4<01010>; 1 drivers
v0x137b600_0 .alias "in1_value", 7 0, v0x1380e90_0;
v0x137b6a0_0 .net "in2_label", 4 0, C4<01011>; 1 drivers
v0x137b740_0 .alias "in2_value", 7 0, v0x1380f10_0;
v0x137b7f0_0 .var "l", 4 0;
v0x137b890_0 .alias "out_label", 4 0, v0x137de20_0;
v0x137b910_0 .alias "out_value", 7 0, v0x137dd50_0;
v0x137b9c0_0 .var "v", 7 0;
E_0x137b4e0 .event edge, v0x137b6a0_0, v0x137b540_0, v0x137b740_0, v0x137b600_0;
S_0x137ad50 .scope module, "MN" "mam" 2 143, 2 11, S_0x1319f90;
 .timescale 0 0;
v0x137aea0_0 .net "in1_label", 4 0, C4<01100>; 1 drivers
v0x137af60_0 .alias "in1_value", 7 0, v0x1380f90_0;
v0x137b000_0 .net "in2_label", 4 0, C4<01101>; 1 drivers
v0x137b0a0_0 .alias "in2_value", 7 0, v0x1381010_0;
v0x137b150_0 .var "l", 4 0;
v0x137b1f0_0 .alias "out_label", 4 0, v0x137dfc0_0;
v0x137b270_0 .alias "out_value", 7 0, v0x137def0_0;
v0x137b320_0 .var "v", 7 0;
E_0x137ae40 .event edge, v0x137b000_0, v0x137aea0_0, v0x137b0a0_0, v0x137af60_0;
S_0x137a6b0 .scope module, "OP" "mam" 2 144, 2 11, S_0x1319f90;
 .timescale 0 0;
v0x137a800_0 .net "in1_label", 4 0, C4<01110>; 1 drivers
v0x137a8c0_0 .alias "in1_value", 7 0, v0x1381340_0;
v0x137a960_0 .net "in2_label", 4 0, C4<01111>; 1 drivers
v0x137aa00_0 .alias "in2_value", 7 0, v0x1381110_0;
v0x137aab0_0 .var "l", 4 0;
v0x137ab50_0 .alias "out_label", 4 0, v0x137e160_0;
v0x137abd0_0 .alias "out_value", 7 0, v0x137e090_0;
v0x137ac80_0 .var "v", 7 0;
E_0x137a7a0 .event edge, v0x137a960_0, v0x137a800_0, v0x137aa00_0, v0x137a8c0_0;
S_0x137a010 .scope module, "QR" "mam" 2 145, 2 11, S_0x1319f90;
 .timescale 0 0;
v0x137a160_0 .net "in1_label", 4 0, C4<10000>; 1 drivers
v0x137a220_0 .alias "in1_value", 7 0, v0x1381190_0;
v0x137a2c0_0 .net "in2_label", 4 0, C4<10001>; 1 drivers
v0x137a360_0 .alias "in2_value", 7 0, v0x1381210_0;
v0x137a410_0 .var "l", 4 0;
v0x137a4b0_0 .alias "out_label", 4 0, v0x137e350_0;
v0x137a530_0 .alias "out_value", 7 0, v0x137e280_0;
v0x137a5e0_0 .var "v", 7 0;
E_0x137a100 .event edge, v0x137a2c0_0, v0x137a160_0, v0x137a360_0, v0x137a220_0;
S_0x1379970 .scope module, "ST" "mam" 2 146, 2 11, S_0x1319f90;
 .timescale 0 0;
v0x1379ac0_0 .net "in1_label", 4 0, C4<10010>; 1 drivers
v0x1379b80_0 .alias "in1_value", 7 0, v0x1381290_0;
v0x1379c20_0 .net "in2_label", 4 0, C4<10011>; 1 drivers
v0x1379cc0_0 .alias "in2_value", 7 0, v0x13816a0_0;
v0x1379d70_0 .var "l", 4 0;
v0x1379e10_0 .alias "out_label", 4 0, v0x137e640_0;
v0x1379e90_0 .alias "out_value", 7 0, v0x137e430_0;
v0x1379f40_0 .var "v", 7 0;
E_0x1379a60 .event edge, v0x1379c20_0, v0x1379ac0_0, v0x1379cc0_0, v0x1379b80_0;
S_0x13792d0 .scope module, "UV" "mam" 2 147, 2 11, S_0x1319f90;
 .timescale 0 0;
v0x1379420_0 .net "in1_label", 4 0, C4<10100>; 1 drivers
v0x13794e0_0 .alias "in1_value", 7 0, v0x1381720_0;
v0x1379580_0 .net "in2_label", 4 0, C4<10101>; 1 drivers
v0x1379620_0 .alias "in2_value", 7 0, v0x1381440_0;
v0x13796d0_0 .var "l", 4 0;
v0x1379770_0 .alias "out_label", 4 0, v0x137e860_0;
v0x13797f0_0 .alias "out_value", 7 0, v0x137e710_0;
v0x13798a0_0 .var "v", 7 0;
E_0x13793c0 .event edge, v0x1379580_0, v0x1379420_0, v0x1379620_0, v0x13794e0_0;
S_0x1378c30 .scope module, "WX" "mam" 2 148, 2 11, S_0x1319f90;
 .timescale 0 0;
v0x1378d80_0 .net "in1_label", 4 0, C4<10110>; 1 drivers
v0x1378e40_0 .alias "in1_value", 7 0, v0x13814c0_0;
v0x1378ee0_0 .net "in2_label", 4 0, C4<10111>; 1 drivers
v0x1378f80_0 .alias "in2_value", 7 0, v0x1381540_0;
v0x1379030_0 .var "l", 4 0;
v0x13790d0_0 .alias "out_label", 4 0, v0x137e790_0;
v0x1379150_0 .alias "out_value", 7 0, v0x137e930_0;
v0x1379200_0 .var "v", 7 0;
E_0x1378d20 .event edge, v0x1378ee0_0, v0x1378d80_0, v0x1378f80_0, v0x1378e40_0;
S_0x1378590 .scope module, "YZ_1" "mam" 2 149, 2 11, S_0x1319f90;
 .timescale 0 0;
v0x13786e0_0 .net "in1_label", 4 0, C4<11000>; 1 drivers
v0x13787a0_0 .alias "in1_value", 7 0, v0x13815c0_0;
v0x1378840_0 .net "in2_label", 4 0, C4<11001>; 1 drivers
v0x13788e0_0 .alias "in2_value", 7 0, v0x1381a30_0;
v0x1378990_0 .var "l", 4 0;
v0x1378a30_0 .alias "out_label", 4 0, v0x137ec00_0;
v0x1378ab0_0 .alias "out_value", 7 0, v0x137eae0_0;
v0x1378b60_0 .var "v", 7 0;
E_0x1378680 .event edge, v0x1378840_0, v0x13786e0_0, v0x13788e0_0, v0x13787a0_0;
S_0x1377ef0 .scope module, "AD" "mam" 2 152, 2 11, S_0x1319f90;
 .timescale 0 0;
v0x1378040_0 .alias "in1_label", 4 0, v0x137e500_0;
v0x1378100_0 .alias "in1_value", 7 0, v0x137dbb0_0;
v0x13781a0_0 .alias "in2_label", 4 0, v0x137f930_0;
v0x1378240_0 .alias "in2_value", 7 0, v0x137efc0_0;
v0x13782f0_0 .var "l", 4 0;
v0x1378390_0 .alias "out_label", 4 0, v0x137ee00_0;
v0x1378410_0 .alias "out_value", 7 0, v0x137ecd0_0;
v0x13784c0_0 .var "v", 7 0;
E_0x1377fe0 .event edge, v0x13781a0_0, v0x1378040_0, v0x1378240_0, v0x1378100_0;
S_0x1377850 .scope module, "EH" "mam" 2 153, 2 11, S_0x1319f90;
 .timescale 0 0;
v0x13779a0_0 .alias "in1_label", 4 0, v0x13805b0_0;
v0x1377a60_0 .alias "in1_value", 7 0, v0x1380130_0;
v0x1377b00_0 .alias "in2_label", 4 0, v0x1380700_0;
v0x1377ba0_0 .alias "in2_value", 7 0, v0x13808a0_0;
v0x1377c50_0 .var "l", 4 0;
v0x1377cf0_0 .alias "out_label", 4 0, v0x137f040_0;
v0x1377d70_0 .alias "out_value", 7 0, v0x137ee80_0;
v0x1377e20_0 .var "v", 7 0;
E_0x1377940 .event edge, v0x1377b00_0, v0x13779a0_0, v0x1377ba0_0, v0x1377a60_0;
S_0x13771b0 .scope module, "IL" "mam" 2 154, 2 11, S_0x1319f90;
 .timescale 0 0;
v0x1377300_0 .alias "in1_label", 4 0, v0x137dc80_0;
v0x13773c0_0 .alias "in1_value", 7 0, v0x13807d0_0;
v0x1377460_0 .alias "in2_label", 4 0, v0x137de20_0;
v0x1377500_0 .alias "in2_value", 7 0, v0x137dd50_0;
v0x13775b0_0 .var "l", 4 0;
v0x1377650_0 .alias "out_label", 4 0, v0x137f210_0;
v0x13776d0_0 .alias "out_value", 7 0, v0x137f190_0;
v0x1377780_0 .var "v", 7 0;
E_0x13772a0 .event edge, v0x1377460_0, v0x1377300_0, v0x1377500_0, v0x13773c0_0;
S_0x1376b10 .scope module, "MP" "mam" 2 155, 2 11, S_0x1319f90;
 .timescale 0 0;
v0x1376c60_0 .alias "in1_label", 4 0, v0x137dfc0_0;
v0x1376d20_0 .alias "in1_value", 7 0, v0x137def0_0;
v0x1376dc0_0 .alias "in2_label", 4 0, v0x137e160_0;
v0x1376e60_0 .alias "in2_value", 7 0, v0x137e090_0;
v0x1376f10_0 .var "l", 4 0;
v0x1376fb0_0 .alias "out_label", 4 0, v0x137f3c0_0;
v0x1377030_0 .alias "out_value", 7 0, v0x137f110_0;
v0x13770e0_0 .var "v", 7 0;
E_0x1376c00 .event edge, v0x1376dc0_0, v0x1376c60_0, v0x1376e60_0, v0x1376d20_0;
S_0x1376470 .scope module, "QT" "mam" 2 156, 2 11, S_0x1319f90;
 .timescale 0 0;
v0x13765c0_0 .alias "in1_label", 4 0, v0x137e350_0;
v0x1376680_0 .alias "in1_value", 7 0, v0x137e280_0;
v0x1376720_0 .alias "in2_label", 4 0, v0x137e640_0;
v0x13767c0_0 .alias "in2_value", 7 0, v0x137e430_0;
v0x1376870_0 .var "l", 4 0;
v0x1376910_0 .alias "out_label", 4 0, v0x137f580_0;
v0x1376990_0 .alias "out_value", 7 0, v0x137f2e0_0;
v0x1376a40_0 .var "v", 7 0;
E_0x1376560 .event edge, v0x1376720_0, v0x13765c0_0, v0x13767c0_0, v0x1376680_0;
S_0x1375dd0 .scope module, "UX" "mam" 2 157, 2 11, S_0x1319f90;
 .timescale 0 0;
v0x1375f20_0 .alias "in1_label", 4 0, v0x137e860_0;
v0x1375fe0_0 .alias "in1_value", 7 0, v0x137e710_0;
v0x1376080_0 .alias "in2_label", 4 0, v0x137e790_0;
v0x1376120_0 .alias "in2_value", 7 0, v0x137e930_0;
v0x13761d0_0 .var "l", 4 0;
v0x1376270_0 .alias "out_label", 4 0, v0x137f750_0;
v0x13762f0_0 .alias "out_value", 7 0, v0x137f490_0;
v0x13763a0_0 .var "v", 7 0;
E_0x1375ec0 .event edge, v0x1376080_0, v0x1375f20_0, v0x1376120_0, v0x1375fe0_0;
S_0x1375730 .scope module, "YZ_2" "mam" 2 158, 2 11, S_0x1319f90;
 .timescale 0 0;
v0x1375880_0 .alias "in1_label", 4 0, v0x137ec00_0;
v0x1375940_0 .alias "in1_value", 7 0, v0x137eae0_0;
v0x13759e0_0 .net "in2_label", 4 0, C4<00000>; 1 drivers
v0x1375a80_0 .net "in2_value", 7 0, C4<00000000>; 1 drivers
v0x1375b30_0 .var "l", 4 0;
v0x1375bd0_0 .alias "out_label", 4 0, v0x137f820_0;
v0x1375c50_0 .alias "out_value", 7 0, v0x137f650_0;
v0x1375d00_0 .var "v", 7 0;
E_0x1375820 .event edge, v0x13759e0_0, v0x1375880_0, v0x1375a80_0, v0x1375940_0;
S_0x1375090 .scope module, "AH" "mam" 2 161, 2 11, S_0x1319f90;
 .timescale 0 0;
v0x13751e0_0 .alias "in1_label", 4 0, v0x137ee00_0;
v0x13752a0_0 .alias "in1_value", 7 0, v0x137ecd0_0;
v0x1375340_0 .alias "in2_label", 4 0, v0x137f040_0;
v0x13753e0_0 .alias "in2_value", 7 0, v0x137ee80_0;
v0x1375490_0 .var "l", 4 0;
v0x1375530_0 .alias "out_label", 4 0, v0x137fa00_0;
v0x13755b0_0 .alias "out_value", 7 0, v0x137fb20_0;
v0x1375660_0 .var "v", 7 0;
E_0x1375180 .event edge, v0x1375340_0, v0x13751e0_0, v0x13753e0_0, v0x13752a0_0;
S_0x13749f0 .scope module, "IP" "mam" 2 162, 2 11, S_0x1319f90;
 .timescale 0 0;
v0x1374b40_0 .alias "in1_label", 4 0, v0x137f210_0;
v0x1374c00_0 .alias "in1_value", 7 0, v0x137f190_0;
v0x1374ca0_0 .alias "in2_label", 4 0, v0x137f3c0_0;
v0x1374d40_0 .alias "in2_value", 7 0, v0x137f110_0;
v0x1374df0_0 .var "l", 4 0;
v0x1374e90_0 .alias "out_label", 4 0, v0x137fbf0_0;
v0x1374f10_0 .alias "out_value", 7 0, v0x137fcd0_0;
v0x1374fc0_0 .var "v", 7 0;
E_0x1374ae0 .event edge, v0x1374ca0_0, v0x1374b40_0, v0x1374d40_0, v0x1374c00_0;
S_0x1374350 .scope module, "QX" "mam" 2 163, 2 11, S_0x1319f90;
 .timescale 0 0;
v0x13744a0_0 .alias "in1_label", 4 0, v0x137f580_0;
v0x1374560_0 .alias "in1_value", 7 0, v0x137f2e0_0;
v0x1374600_0 .alias "in2_label", 4 0, v0x137f750_0;
v0x13746a0_0 .alias "in2_value", 7 0, v0x137f490_0;
v0x1374750_0 .var "l", 4 0;
v0x13747f0_0 .alias "out_label", 4 0, v0x137fda0_0;
v0x1374870_0 .alias "out_value", 7 0, v0x137fe90_0;
v0x1374920_0 .var "v", 7 0;
E_0x1374440 .event edge, v0x1374600_0, v0x13744a0_0, v0x13746a0_0, v0x1374560_0;
S_0x1373cb0 .scope module, "YZ_3" "mam" 2 164, 2 11, S_0x1319f90;
 .timescale 0 0;
v0x1373e00_0 .alias "in1_label", 4 0, v0x137f820_0;
v0x1373ec0_0 .alias "in1_value", 7 0, v0x137f650_0;
v0x1373f60_0 .net "in2_label", 4 0, C4<00000>; 1 drivers
v0x1374000_0 .net "in2_value", 7 0, C4<00000000>; 1 drivers
v0x13740b0_0 .var "l", 4 0;
v0x1374150_0 .alias "out_label", 4 0, v0x137ff60_0;
v0x13741d0_0 .alias "out_value", 7 0, v0x1380060_0;
v0x1374280_0 .var "v", 7 0;
E_0x1373da0 .event edge, v0x1373f60_0, v0x1373e00_0, v0x1374000_0, v0x1373ec0_0;
S_0x1373610 .scope module, "AP" "mam" 2 167, 2 11, S_0x1319f90;
 .timescale 0 0;
v0x1373760_0 .alias "in1_label", 4 0, v0x137fa00_0;
v0x1373820_0 .alias "in1_value", 7 0, v0x137fb20_0;
v0x13738c0_0 .alias "in2_label", 4 0, v0x137fbf0_0;
v0x1373960_0 .alias "in2_value", 7 0, v0x137fcd0_0;
v0x1373a10_0 .var "l", 4 0;
v0x1373ab0_0 .alias "out_label", 4 0, v0x1380430_0;
v0x1373b30_0 .alias "out_value", 7 0, v0x1380240_0;
v0x1373be0_0 .var "v", 7 0;
E_0x1373700 .event edge, v0x13738c0_0, v0x1373760_0, v0x1373960_0, v0x1373820_0;
S_0x1372f80 .scope module, "QZ" "mam" 2 168, 2 11, S_0x1319f90;
 .timescale 0 0;
v0x13730c0_0 .alias "in1_label", 4 0, v0x137fda0_0;
v0x1373180_0 .alias "in1_value", 7 0, v0x137fe90_0;
v0x1373220_0 .alias "in2_label", 4 0, v0x137ff60_0;
v0x13732c0_0 .alias "in2_value", 7 0, v0x1380060_0;
v0x1373370_0 .var "l", 4 0;
v0x1373410_0 .alias "out_label", 4 0, v0x1380630_0;
v0x1373490_0 .alias "out_value", 7 0, v0x1380310_0;
v0x1373540_0 .var "v", 7 0;
E_0x1372c40 .event edge, v0x1373220_0, v0x13730c0_0, v0x13732c0_0, v0x1373180_0;
S_0x1319cf0 .scope module, "AZ" "mam" 2 171, 2 11, S_0x1319f90;
 .timescale 0 0;
v0x1345e00_0 .alias "in1_label", 4 0, v0x1380430_0;
v0x1372a80_0 .alias "in1_value", 7 0, v0x1380240_0;
v0x1372b20_0 .alias "in2_label", 4 0, v0x1380630_0;
v0x1372bc0_0 .alias "in2_value", 7 0, v0x1380310_0;
v0x1372c70_0 .var "l", 4 0;
v0x1372d10_0 .alias "out_label", 4 0, v0x1380530_0;
v0x1372df0_0 .alias "out_value", 7 0, v0x13804b0_0;
v0x1372e90_0 .var "v", 7 0;
E_0x1340270 .event edge, v0x1372b20_0, v0x1345e00_0, v0x1372bc0_0, v0x1372a80_0;
    .scope S_0x137d510;
T_0 ;
    %wait E_0x137d600;
    %load/v 8, v0x137d860_0, 8;
    %load/v 16, v0x137d720_0, 8;
    %cmp/u 8, 16, 8;
    %jmp/0xz  T_0.0, 5;
    %load/v 8, v0x137d720_0, 8;
    %cassign/v v0x137dae0_0, 8, 8;
    %cassign/link v0x137dae0_0, v0x137d720_0;
    %load/v 16, v0x137d660_0, 5;
    %cassign/v v0x137d910_0, 16, 5;
    %cassign/link v0x137d910_0, v0x137d660_0;
    %jmp T_0.1;
T_0.0 ;
    %load/v 21, v0x137d860_0, 8;
    %cassign/v v0x137dae0_0, 21, 8;
    %cassign/link v0x137dae0_0, v0x137d860_0;
    %load/v 29, v0x137d7c0_0, 5;
    %cassign/v v0x137d910_0, 29, 5;
    %cassign/link v0x137d910_0, v0x137d7c0_0;
T_0.1 ;
    %jmp T_0;
    .thread T_0, $push;
    .scope S_0x137ce70;
T_1 ;
    %wait E_0x137cf60;
    %load/v 34, v0x137d1c0_0, 8;
    %load/v 42, v0x137d080_0, 8;
    %cmp/u 34, 42, 8;
    %jmp/0xz  T_1.0, 5;
    %load/v 34, v0x137d080_0, 8;
    %cassign/v v0x137d440_0, 34, 8;
    %cassign/link v0x137d440_0, v0x137d080_0;
    %load/v 42, v0x137cfc0_0, 5;
    %cassign/v v0x137d270_0, 42, 5;
    %cassign/link v0x137d270_0, v0x137cfc0_0;
    %jmp T_1.1;
T_1.0 ;
    %load/v 47, v0x137d1c0_0, 8;
    %cassign/v v0x137d440_0, 47, 8;
    %cassign/link v0x137d440_0, v0x137d1c0_0;
    %load/v 55, v0x137d120_0, 5;
    %cassign/v v0x137d270_0, 55, 5;
    %cassign/link v0x137d270_0, v0x137d120_0;
T_1.1 ;
    %jmp T_1;
    .thread T_1, $push;
    .scope S_0x137c7d0;
T_2 ;
    %wait E_0x137c8c0;
    %load/v 60, v0x137cb20_0, 8;
    %load/v 68, v0x137c9e0_0, 8;
    %cmp/u 60, 68, 8;
    %jmp/0xz  T_2.0, 5;
    %load/v 60, v0x137c9e0_0, 8;
    %cassign/v v0x137cda0_0, 60, 8;
    %cassign/link v0x137cda0_0, v0x137c9e0_0;
    %load/v 68, v0x137c920_0, 5;
    %cassign/v v0x137cbd0_0, 68, 5;
    %cassign/link v0x137cbd0_0, v0x137c920_0;
    %jmp T_2.1;
T_2.0 ;
    %load/v 73, v0x137cb20_0, 8;
    %cassign/v v0x137cda0_0, 73, 8;
    %cassign/link v0x137cda0_0, v0x137cb20_0;
    %load/v 81, v0x137ca80_0, 5;
    %cassign/v v0x137cbd0_0, 81, 5;
    %cassign/link v0x137cbd0_0, v0x137ca80_0;
T_2.1 ;
    %jmp T_2;
    .thread T_2, $push;
    .scope S_0x137c130;
T_3 ;
    %wait E_0x137c220;
    %load/v 86, v0x137c480_0, 8;
    %load/v 94, v0x137c340_0, 8;
    %cmp/u 86, 94, 8;
    %jmp/0xz  T_3.0, 5;
    %load/v 86, v0x137c340_0, 8;
    %cassign/v v0x137c700_0, 86, 8;
    %cassign/link v0x137c700_0, v0x137c340_0;
    %load/v 94, v0x137c280_0, 5;
    %cassign/v v0x137c530_0, 94, 5;
    %cassign/link v0x137c530_0, v0x137c280_0;
    %jmp T_3.1;
T_3.0 ;
    %load/v 99, v0x137c480_0, 8;
    %cassign/v v0x137c700_0, 99, 8;
    %cassign/link v0x137c700_0, v0x137c480_0;
    %load/v 107, v0x137c3e0_0, 5;
    %cassign/v v0x137c530_0, 107, 5;
    %cassign/link v0x137c530_0, v0x137c3e0_0;
T_3.1 ;
    %jmp T_3;
    .thread T_3, $push;
    .scope S_0x137ba90;
T_4 ;
    %wait E_0x137bb80;
    %load/v 112, v0x137bde0_0, 8;
    %load/v 120, v0x137bca0_0, 8;
    %cmp/u 112, 120, 8;
    %jmp/0xz  T_4.0, 5;
    %load/v 112, v0x137bca0_0, 8;
    %cassign/v v0x137c060_0, 112, 8;
    %cassign/link v0x137c060_0, v0x137bca0_0;
    %load/v 120, v0x137bbe0_0, 5;
    %cassign/v v0x137be90_0, 120, 5;
    %cassign/link v0x137be90_0, v0x137bbe0_0;
    %jmp T_4.1;
T_4.0 ;
    %load/v 125, v0x137bde0_0, 8;
    %cassign/v v0x137c060_0, 125, 8;
    %cassign/link v0x137c060_0, v0x137bde0_0;
    %load/v 133, v0x137bd40_0, 5;
    %cassign/v v0x137be90_0, 133, 5;
    %cassign/link v0x137be90_0, v0x137bd40_0;
T_4.1 ;
    %jmp T_4;
    .thread T_4, $push;
    .scope S_0x137b3f0;
T_5 ;
    %wait E_0x137b4e0;
    %load/v 138, v0x137b740_0, 8;
    %load/v 146, v0x137b600_0, 8;
    %cmp/u 138, 146, 8;
    %jmp/0xz  T_5.0, 5;
    %load/v 138, v0x137b600_0, 8;
    %cassign/v v0x137b9c0_0, 138, 8;
    %cassign/link v0x137b9c0_0, v0x137b600_0;
    %load/v 146, v0x137b540_0, 5;
    %cassign/v v0x137b7f0_0, 146, 5;
    %cassign/link v0x137b7f0_0, v0x137b540_0;
    %jmp T_5.1;
T_5.0 ;
    %load/v 151, v0x137b740_0, 8;
    %cassign/v v0x137b9c0_0, 151, 8;
    %cassign/link v0x137b9c0_0, v0x137b740_0;
    %load/v 159, v0x137b6a0_0, 5;
    %cassign/v v0x137b7f0_0, 159, 5;
    %cassign/link v0x137b7f0_0, v0x137b6a0_0;
T_5.1 ;
    %jmp T_5;
    .thread T_5, $push;
    .scope S_0x137ad50;
T_6 ;
    %wait E_0x137ae40;
    %load/v 164, v0x137b0a0_0, 8;
    %load/v 172, v0x137af60_0, 8;
    %cmp/u 164, 172, 8;
    %jmp/0xz  T_6.0, 5;
    %load/v 164, v0x137af60_0, 8;
    %cassign/v v0x137b320_0, 164, 8;
    %cassign/link v0x137b320_0, v0x137af60_0;
    %load/v 172, v0x137aea0_0, 5;
    %cassign/v v0x137b150_0, 172, 5;
    %cassign/link v0x137b150_0, v0x137aea0_0;
    %jmp T_6.1;
T_6.0 ;
    %load/v 177, v0x137b0a0_0, 8;
    %cassign/v v0x137b320_0, 177, 8;
    %cassign/link v0x137b320_0, v0x137b0a0_0;
    %load/v 185, v0x137b000_0, 5;
    %cassign/v v0x137b150_0, 185, 5;
    %cassign/link v0x137b150_0, v0x137b000_0;
T_6.1 ;
    %jmp T_6;
    .thread T_6, $push;
    .scope S_0x137a6b0;
T_7 ;
    %wait E_0x137a7a0;
    %load/v 190, v0x137aa00_0, 8;
    %load/v 198, v0x137a8c0_0, 8;
    %cmp/u 190, 198, 8;
    %jmp/0xz  T_7.0, 5;
    %load/v 190, v0x137a8c0_0, 8;
    %cassign/v v0x137ac80_0, 190, 8;
    %cassign/link v0x137ac80_0, v0x137a8c0_0;
    %load/v 198, v0x137a800_0, 5;
    %cassign/v v0x137aab0_0, 198, 5;
    %cassign/link v0x137aab0_0, v0x137a800_0;
    %jmp T_7.1;
T_7.0 ;
    %load/v 203, v0x137aa00_0, 8;
    %cassign/v v0x137ac80_0, 203, 8;
    %cassign/link v0x137ac80_0, v0x137aa00_0;
    %load/v 211, v0x137a960_0, 5;
    %cassign/v v0x137aab0_0, 211, 5;
    %cassign/link v0x137aab0_0, v0x137a960_0;
T_7.1 ;
    %jmp T_7;
    .thread T_7, $push;
    .scope S_0x137a010;
T_8 ;
    %wait E_0x137a100;
    %load/v 216, v0x137a360_0, 8;
    %load/v 224, v0x137a220_0, 8;
    %cmp/u 216, 224, 8;
    %jmp/0xz  T_8.0, 5;
    %load/v 216, v0x137a220_0, 8;
    %cassign/v v0x137a5e0_0, 216, 8;
    %cassign/link v0x137a5e0_0, v0x137a220_0;
    %load/v 224, v0x137a160_0, 5;
    %cassign/v v0x137a410_0, 224, 5;
    %cassign/link v0x137a410_0, v0x137a160_0;
    %jmp T_8.1;
T_8.0 ;
    %load/v 229, v0x137a360_0, 8;
    %cassign/v v0x137a5e0_0, 229, 8;
    %cassign/link v0x137a5e0_0, v0x137a360_0;
    %load/v 237, v0x137a2c0_0, 5;
    %cassign/v v0x137a410_0, 237, 5;
    %cassign/link v0x137a410_0, v0x137a2c0_0;
T_8.1 ;
    %jmp T_8;
    .thread T_8, $push;
    .scope S_0x1379970;
T_9 ;
    %wait E_0x1379a60;
    %load/v 242, v0x1379cc0_0, 8;
    %load/v 250, v0x1379b80_0, 8;
    %cmp/u 242, 250, 8;
    %jmp/0xz  T_9.0, 5;
    %load/v 242, v0x1379b80_0, 8;
    %cassign/v v0x1379f40_0, 242, 8;
    %cassign/link v0x1379f40_0, v0x1379b80_0;
    %load/v 250, v0x1379ac0_0, 5;
    %cassign/v v0x1379d70_0, 250, 5;
    %cassign/link v0x1379d70_0, v0x1379ac0_0;
    %jmp T_9.1;
T_9.0 ;
    %load/v 255, v0x1379cc0_0, 8;
    %cassign/v v0x1379f40_0, 255, 8;
    %cassign/link v0x1379f40_0, v0x1379cc0_0;
    %load/v 263, v0x1379c20_0, 5;
    %cassign/v v0x1379d70_0, 263, 5;
    %cassign/link v0x1379d70_0, v0x1379c20_0;
T_9.1 ;
    %jmp T_9;
    .thread T_9, $push;
    .scope S_0x13792d0;
T_10 ;
    %wait E_0x13793c0;
    %load/v 268, v0x1379620_0, 8;
    %load/v 276, v0x13794e0_0, 8;
    %cmp/u 268, 276, 8;
    %jmp/0xz  T_10.0, 5;
    %load/v 268, v0x13794e0_0, 8;
    %cassign/v v0x13798a0_0, 268, 8;
    %cassign/link v0x13798a0_0, v0x13794e0_0;
    %load/v 276, v0x1379420_0, 5;
    %cassign/v v0x13796d0_0, 276, 5;
    %cassign/link v0x13796d0_0, v0x1379420_0;
    %jmp T_10.1;
T_10.0 ;
    %load/v 281, v0x1379620_0, 8;
    %cassign/v v0x13798a0_0, 281, 8;
    %cassign/link v0x13798a0_0, v0x1379620_0;
    %load/v 289, v0x1379580_0, 5;
    %cassign/v v0x13796d0_0, 289, 5;
    %cassign/link v0x13796d0_0, v0x1379580_0;
T_10.1 ;
    %jmp T_10;
    .thread T_10, $push;
    .scope S_0x1378c30;
T_11 ;
    %wait E_0x1378d20;
    %load/v 294, v0x1378f80_0, 8;
    %load/v 302, v0x1378e40_0, 8;
    %cmp/u 294, 302, 8;
    %jmp/0xz  T_11.0, 5;
    %load/v 294, v0x1378e40_0, 8;
    %cassign/v v0x1379200_0, 294, 8;
    %cassign/link v0x1379200_0, v0x1378e40_0;
    %load/v 302, v0x1378d80_0, 5;
    %cassign/v v0x1379030_0, 302, 5;
    %cassign/link v0x1379030_0, v0x1378d80_0;
    %jmp T_11.1;
T_11.0 ;
    %load/v 307, v0x1378f80_0, 8;
    %cassign/v v0x1379200_0, 307, 8;
    %cassign/link v0x1379200_0, v0x1378f80_0;
    %load/v 315, v0x1378ee0_0, 5;
    %cassign/v v0x1379030_0, 315, 5;
    %cassign/link v0x1379030_0, v0x1378ee0_0;
T_11.1 ;
    %jmp T_11;
    .thread T_11, $push;
    .scope S_0x1378590;
T_12 ;
    %wait E_0x1378680;
    %load/v 320, v0x13788e0_0, 8;
    %load/v 328, v0x13787a0_0, 8;
    %cmp/u 320, 328, 8;
    %jmp/0xz  T_12.0, 5;
    %load/v 320, v0x13787a0_0, 8;
    %cassign/v v0x1378b60_0, 320, 8;
    %cassign/link v0x1378b60_0, v0x13787a0_0;
    %load/v 328, v0x13786e0_0, 5;
    %cassign/v v0x1378990_0, 328, 5;
    %cassign/link v0x1378990_0, v0x13786e0_0;
    %jmp T_12.1;
T_12.0 ;
    %load/v 333, v0x13788e0_0, 8;
    %cassign/v v0x1378b60_0, 333, 8;
    %cassign/link v0x1378b60_0, v0x13788e0_0;
    %load/v 341, v0x1378840_0, 5;
    %cassign/v v0x1378990_0, 341, 5;
    %cassign/link v0x1378990_0, v0x1378840_0;
T_12.1 ;
    %jmp T_12;
    .thread T_12, $push;
    .scope S_0x1377ef0;
T_13 ;
    %wait E_0x1377fe0;
    %load/v 346, v0x1378240_0, 8;
    %load/v 354, v0x1378100_0, 8;
    %cmp/u 346, 354, 8;
    %jmp/0xz  T_13.0, 5;
    %load/v 346, v0x1378100_0, 8;
    %cassign/v v0x13784c0_0, 346, 8;
    %cassign/link v0x13784c0_0, v0x1378100_0;
    %load/v 354, v0x1378040_0, 5;
    %cassign/v v0x13782f0_0, 354, 5;
    %cassign/link v0x13782f0_0, v0x1378040_0;
    %jmp T_13.1;
T_13.0 ;
    %load/v 359, v0x1378240_0, 8;
    %cassign/v v0x13784c0_0, 359, 8;
    %cassign/link v0x13784c0_0, v0x1378240_0;
    %load/v 367, v0x13781a0_0, 5;
    %cassign/v v0x13782f0_0, 367, 5;
    %cassign/link v0x13782f0_0, v0x13781a0_0;
T_13.1 ;
    %jmp T_13;
    .thread T_13, $push;
    .scope S_0x1377850;
T_14 ;
    %wait E_0x1377940;
    %load/v 372, v0x1377ba0_0, 8;
    %load/v 380, v0x1377a60_0, 8;
    %cmp/u 372, 380, 8;
    %jmp/0xz  T_14.0, 5;
    %load/v 372, v0x1377a60_0, 8;
    %cassign/v v0x1377e20_0, 372, 8;
    %cassign/link v0x1377e20_0, v0x1377a60_0;
    %load/v 380, v0x13779a0_0, 5;
    %cassign/v v0x1377c50_0, 380, 5;
    %cassign/link v0x1377c50_0, v0x13779a0_0;
    %jmp T_14.1;
T_14.0 ;
    %load/v 385, v0x1377ba0_0, 8;
    %cassign/v v0x1377e20_0, 385, 8;
    %cassign/link v0x1377e20_0, v0x1377ba0_0;
    %load/v 393, v0x1377b00_0, 5;
    %cassign/v v0x1377c50_0, 393, 5;
    %cassign/link v0x1377c50_0, v0x1377b00_0;
T_14.1 ;
    %jmp T_14;
    .thread T_14, $push;
    .scope S_0x13771b0;
T_15 ;
    %wait E_0x13772a0;
    %load/v 398, v0x1377500_0, 8;
    %load/v 406, v0x13773c0_0, 8;
    %cmp/u 398, 406, 8;
    %jmp/0xz  T_15.0, 5;
    %load/v 398, v0x13773c0_0, 8;
    %cassign/v v0x1377780_0, 398, 8;
    %cassign/link v0x1377780_0, v0x13773c0_0;
    %load/v 406, v0x1377300_0, 5;
    %cassign/v v0x13775b0_0, 406, 5;
    %cassign/link v0x13775b0_0, v0x1377300_0;
    %jmp T_15.1;
T_15.0 ;
    %load/v 411, v0x1377500_0, 8;
    %cassign/v v0x1377780_0, 411, 8;
    %cassign/link v0x1377780_0, v0x1377500_0;
    %load/v 419, v0x1377460_0, 5;
    %cassign/v v0x13775b0_0, 419, 5;
    %cassign/link v0x13775b0_0, v0x1377460_0;
T_15.1 ;
    %jmp T_15;
    .thread T_15, $push;
    .scope S_0x1376b10;
T_16 ;
    %wait E_0x1376c00;
    %load/v 424, v0x1376e60_0, 8;
    %load/v 432, v0x1376d20_0, 8;
    %cmp/u 424, 432, 8;
    %jmp/0xz  T_16.0, 5;
    %load/v 424, v0x1376d20_0, 8;
    %cassign/v v0x13770e0_0, 424, 8;
    %cassign/link v0x13770e0_0, v0x1376d20_0;
    %load/v 432, v0x1376c60_0, 5;
    %cassign/v v0x1376f10_0, 432, 5;
    %cassign/link v0x1376f10_0, v0x1376c60_0;
    %jmp T_16.1;
T_16.0 ;
    %load/v 437, v0x1376e60_0, 8;
    %cassign/v v0x13770e0_0, 437, 8;
    %cassign/link v0x13770e0_0, v0x1376e60_0;
    %load/v 445, v0x1376dc0_0, 5;
    %cassign/v v0x1376f10_0, 445, 5;
    %cassign/link v0x1376f10_0, v0x1376dc0_0;
T_16.1 ;
    %jmp T_16;
    .thread T_16, $push;
    .scope S_0x1376470;
T_17 ;
    %wait E_0x1376560;
    %load/v 450, v0x13767c0_0, 8;
    %load/v 458, v0x1376680_0, 8;
    %cmp/u 450, 458, 8;
    %jmp/0xz  T_17.0, 5;
    %load/v 450, v0x1376680_0, 8;
    %cassign/v v0x1376a40_0, 450, 8;
    %cassign/link v0x1376a40_0, v0x1376680_0;
    %load/v 458, v0x13765c0_0, 5;
    %cassign/v v0x1376870_0, 458, 5;
    %cassign/link v0x1376870_0, v0x13765c0_0;
    %jmp T_17.1;
T_17.0 ;
    %load/v 463, v0x13767c0_0, 8;
    %cassign/v v0x1376a40_0, 463, 8;
    %cassign/link v0x1376a40_0, v0x13767c0_0;
    %load/v 471, v0x1376720_0, 5;
    %cassign/v v0x1376870_0, 471, 5;
    %cassign/link v0x1376870_0, v0x1376720_0;
T_17.1 ;
    %jmp T_17;
    .thread T_17, $push;
    .scope S_0x1375dd0;
T_18 ;
    %wait E_0x1375ec0;
    %load/v 476, v0x1376120_0, 8;
    %load/v 484, v0x1375fe0_0, 8;
    %cmp/u 476, 484, 8;
    %jmp/0xz  T_18.0, 5;
    %load/v 476, v0x1375fe0_0, 8;
    %cassign/v v0x13763a0_0, 476, 8;
    %cassign/link v0x13763a0_0, v0x1375fe0_0;
    %load/v 484, v0x1375f20_0, 5;
    %cassign/v v0x13761d0_0, 484, 5;
    %cassign/link v0x13761d0_0, v0x1375f20_0;
    %jmp T_18.1;
T_18.0 ;
    %load/v 489, v0x1376120_0, 8;
    %cassign/v v0x13763a0_0, 489, 8;
    %cassign/link v0x13763a0_0, v0x1376120_0;
    %load/v 497, v0x1376080_0, 5;
    %cassign/v v0x13761d0_0, 497, 5;
    %cassign/link v0x13761d0_0, v0x1376080_0;
T_18.1 ;
    %jmp T_18;
    .thread T_18, $push;
    .scope S_0x1375730;
T_19 ;
    %wait E_0x1375820;
    %load/v 502, v0x1375a80_0, 8;
    %load/v 510, v0x1375940_0, 8;
    %cmp/u 502, 510, 8;
    %jmp/0xz  T_19.0, 5;
    %load/v 502, v0x1375940_0, 8;
    %cassign/v v0x1375d00_0, 502, 8;
    %cassign/link v0x1375d00_0, v0x1375940_0;
    %load/v 510, v0x1375880_0, 5;
    %cassign/v v0x1375b30_0, 510, 5;
    %cassign/link v0x1375b30_0, v0x1375880_0;
    %jmp T_19.1;
T_19.0 ;
    %load/v 515, v0x1375a80_0, 8;
    %cassign/v v0x1375d00_0, 515, 8;
    %cassign/link v0x1375d00_0, v0x1375a80_0;
    %load/v 523, v0x13759e0_0, 5;
    %cassign/v v0x1375b30_0, 523, 5;
    %cassign/link v0x1375b30_0, v0x13759e0_0;
T_19.1 ;
    %jmp T_19;
    .thread T_19, $push;
    .scope S_0x1375090;
T_20 ;
    %wait E_0x1375180;
    %load/v 528, v0x13753e0_0, 8;
    %load/v 536, v0x13752a0_0, 8;
    %cmp/u 528, 536, 8;
    %jmp/0xz  T_20.0, 5;
    %load/v 528, v0x13752a0_0, 8;
    %cassign/v v0x1375660_0, 528, 8;
    %cassign/link v0x1375660_0, v0x13752a0_0;
    %load/v 536, v0x13751e0_0, 5;
    %cassign/v v0x1375490_0, 536, 5;
    %cassign/link v0x1375490_0, v0x13751e0_0;
    %jmp T_20.1;
T_20.0 ;
    %load/v 541, v0x13753e0_0, 8;
    %cassign/v v0x1375660_0, 541, 8;
    %cassign/link v0x1375660_0, v0x13753e0_0;
    %load/v 549, v0x1375340_0, 5;
    %cassign/v v0x1375490_0, 549, 5;
    %cassign/link v0x1375490_0, v0x1375340_0;
T_20.1 ;
    %jmp T_20;
    .thread T_20, $push;
    .scope S_0x13749f0;
T_21 ;
    %wait E_0x1374ae0;
    %load/v 554, v0x1374d40_0, 8;
    %load/v 562, v0x1374c00_0, 8;
    %cmp/u 554, 562, 8;
    %jmp/0xz  T_21.0, 5;
    %load/v 554, v0x1374c00_0, 8;
    %cassign/v v0x1374fc0_0, 554, 8;
    %cassign/link v0x1374fc0_0, v0x1374c00_0;
    %load/v 562, v0x1374b40_0, 5;
    %cassign/v v0x1374df0_0, 562, 5;
    %cassign/link v0x1374df0_0, v0x1374b40_0;
    %jmp T_21.1;
T_21.0 ;
    %load/v 567, v0x1374d40_0, 8;
    %cassign/v v0x1374fc0_0, 567, 8;
    %cassign/link v0x1374fc0_0, v0x1374d40_0;
    %load/v 575, v0x1374ca0_0, 5;
    %cassign/v v0x1374df0_0, 575, 5;
    %cassign/link v0x1374df0_0, v0x1374ca0_0;
T_21.1 ;
    %jmp T_21;
    .thread T_21, $push;
    .scope S_0x1374350;
T_22 ;
    %wait E_0x1374440;
    %load/v 580, v0x13746a0_0, 8;
    %load/v 588, v0x1374560_0, 8;
    %cmp/u 580, 588, 8;
    %jmp/0xz  T_22.0, 5;
    %load/v 580, v0x1374560_0, 8;
    %cassign/v v0x1374920_0, 580, 8;
    %cassign/link v0x1374920_0, v0x1374560_0;
    %load/v 588, v0x13744a0_0, 5;
    %cassign/v v0x1374750_0, 588, 5;
    %cassign/link v0x1374750_0, v0x13744a0_0;
    %jmp T_22.1;
T_22.0 ;
    %load/v 593, v0x13746a0_0, 8;
    %cassign/v v0x1374920_0, 593, 8;
    %cassign/link v0x1374920_0, v0x13746a0_0;
    %load/v 601, v0x1374600_0, 5;
    %cassign/v v0x1374750_0, 601, 5;
    %cassign/link v0x1374750_0, v0x1374600_0;
T_22.1 ;
    %jmp T_22;
    .thread T_22, $push;
    .scope S_0x1373cb0;
T_23 ;
    %wait E_0x1373da0;
    %load/v 606, v0x1374000_0, 8;
    %load/v 614, v0x1373ec0_0, 8;
    %cmp/u 606, 614, 8;
    %jmp/0xz  T_23.0, 5;
    %load/v 606, v0x1373ec0_0, 8;
    %cassign/v v0x1374280_0, 606, 8;
    %cassign/link v0x1374280_0, v0x1373ec0_0;
    %load/v 614, v0x1373e00_0, 5;
    %cassign/v v0x13740b0_0, 614, 5;
    %cassign/link v0x13740b0_0, v0x1373e00_0;
    %jmp T_23.1;
T_23.0 ;
    %load/v 619, v0x1374000_0, 8;
    %cassign/v v0x1374280_0, 619, 8;
    %cassign/link v0x1374280_0, v0x1374000_0;
    %load/v 627, v0x1373f60_0, 5;
    %cassign/v v0x13740b0_0, 627, 5;
    %cassign/link v0x13740b0_0, v0x1373f60_0;
T_23.1 ;
    %jmp T_23;
    .thread T_23, $push;
    .scope S_0x1373610;
T_24 ;
    %wait E_0x1373700;
    %load/v 632, v0x1373960_0, 8;
    %load/v 640, v0x1373820_0, 8;
    %cmp/u 632, 640, 8;
    %jmp/0xz  T_24.0, 5;
    %load/v 632, v0x1373820_0, 8;
    %cassign/v v0x1373be0_0, 632, 8;
    %cassign/link v0x1373be0_0, v0x1373820_0;
    %load/v 640, v0x1373760_0, 5;
    %cassign/v v0x1373a10_0, 640, 5;
    %cassign/link v0x1373a10_0, v0x1373760_0;
    %jmp T_24.1;
T_24.0 ;
    %load/v 645, v0x1373960_0, 8;
    %cassign/v v0x1373be0_0, 645, 8;
    %cassign/link v0x1373be0_0, v0x1373960_0;
    %load/v 653, v0x13738c0_0, 5;
    %cassign/v v0x1373a10_0, 653, 5;
    %cassign/link v0x1373a10_0, v0x13738c0_0;
T_24.1 ;
    %jmp T_24;
    .thread T_24, $push;
    .scope S_0x1372f80;
T_25 ;
    %wait E_0x1372c40;
    %load/v 658, v0x13732c0_0, 8;
    %load/v 666, v0x1373180_0, 8;
    %cmp/u 658, 666, 8;
    %jmp/0xz  T_25.0, 5;
    %load/v 658, v0x1373180_0, 8;
    %cassign/v v0x1373540_0, 658, 8;
    %cassign/link v0x1373540_0, v0x1373180_0;
    %load/v 666, v0x13730c0_0, 5;
    %cassign/v v0x1373370_0, 666, 5;
    %cassign/link v0x1373370_0, v0x13730c0_0;
    %jmp T_25.1;
T_25.0 ;
    %load/v 671, v0x13732c0_0, 8;
    %cassign/v v0x1373540_0, 671, 8;
    %cassign/link v0x1373540_0, v0x13732c0_0;
    %load/v 679, v0x1373220_0, 5;
    %cassign/v v0x1373370_0, 679, 5;
    %cassign/link v0x1373370_0, v0x1373220_0;
T_25.1 ;
    %jmp T_25;
    .thread T_25, $push;
    .scope S_0x1319cf0;
T_26 ;
    %wait E_0x1340270;
    %load/v 684, v0x1372bc0_0, 8;
    %load/v 692, v0x1372a80_0, 8;
    %cmp/u 684, 692, 8;
    %jmp/0xz  T_26.0, 5;
    %load/v 684, v0x1372a80_0, 8;
    %cassign/v v0x1372e90_0, 684, 8;
    %cassign/link v0x1372e90_0, v0x1372a80_0;
    %load/v 692, v0x1345e00_0, 5;
    %cassign/v v0x1372c70_0, 692, 5;
    %cassign/link v0x1372c70_0, v0x1345e00_0;
    %jmp T_26.1;
T_26.0 ;
    %load/v 697, v0x1372bc0_0, 8;
    %cassign/v v0x1372e90_0, 697, 8;
    %cassign/link v0x1372e90_0, v0x1372bc0_0;
    %load/v 705, v0x1372b20_0, 5;
    %cassign/v v0x1372c70_0, 705, 5;
    %cassign/link v0x1372c70_0, v0x1372b20_0;
T_26.1 ;
    %jmp T_26;
    .thread T_26, $push;
# The file index is used to find the file name in the following table.
:file_names 3;
    "N/A";
    "<interactive>";
    "dassign1_2.v";
